# JRE version: OpenJDK Runtime Environment Microsoft-8035246 (17.0.8+7) (build 17.0.8+7-LTS)
# Java VM: OpenJDK 64-Bit Server VM Microsoft-8035246 (17.0.8+7-LTS, mixed mode, sharing, tiered, compressed oops, compressed class ptrs, g1 gc, windows-amd64)
GC Precious Log:
 CPUs: 12 total, 12 available
 Memory: 11644M
 Large Page Support: Disabled
 NUMA Support: Disabled
 Compressed Oops: Enabled (32-bit)
 Heap Region Size: 1M
 Heap Min Capacity: 8M
 Heap Initial Capacity: 182M
 Heap Max Capacity: 2G
 Pre-touch: Disabled
 Parallel Workers: 10
 Concurrent Workers: 3
 Concurrent Refinement Workers: 10
 Periodic GC: Disabled
Heap:
 garbage-first heap   total 265216K, used 207549K [0x0000000080000000, 0x0000000100000000)
  region size 1024K, 6 young (6144K), 3 survivors (3072K)
 Metaspace       used 105465K, committed 106624K, reserved 557056K
  class space    used 14443K, committed 14976K, reserved 425984K
GC Heap History (20 events):
Event: 22.773 GC heap before
{Heap before GC invocations=55 (full 0):
 garbage-first heap   total 265216K, used 212176K [0x0000000080000000, 0x0000000100000000)
  region size 1024K, 46 young (47104K), 6 survivors (6144K)
 Metaspace       used 101995K, committed 103040K, reserved 557056K
  class space    used 14046K, committed 14528K, reserved 425984K
}
Event: 22.780 GC heap after
{Heap after GC invocations=56 (full 0):
 garbage-first heap   total 265216K, used 178444K [0x0000000080000000, 0x0000000100000000)
  region size 1024K, 6 young (6144K), 6 survivors (6144K)
 Metaspace       used 101995K, committed 103040K, reserved 557056K
  class space    used 14046K, committed 14528K, reserved 425984K
}
Event: 23.179 GC heap before
{Heap before GC invocations=56 (full 0):
 garbage-first heap   total 265216K, used 215308K [0x0000000080000000, 0x0000000100000000)
  region size 1024K, 42 young (43008K), 6 survivors (6144K)
 Metaspace       used 102487K, committed 103616K, reserved 557056K
  class space    used 14094K, committed 14592K, reserved 425984K
}
Event: 23.185 GC heap after
{Heap after GC invocations=57 (full 0):
 garbage-first heap   total 265216K, used 185458K [0x0000000080000000, 0x0000000100000000)
  region size 1024K, 6 young (6144K), 6 survivors (6144K)
 Metaspace       used 102487K, committed 103616K, reserved 557056K
  class space    used 14094K, committed 14592K, reserved 425984K
}
Event: 23.623 GC heap before
{Heap before GC invocations=57 (full 0):
 garbage-first heap   total 265216K, used 218226K [0x0000000080000000, 0x0000000100000000)
  region size 1024K, 38 young (38912K), 6 survivors (6144K)
 Metaspace       used 104068K, committed 105216K, reserved 557056K
  class space    used 14292K, committed 14784K, reserved 425984K
}
Event: 23.629 GC heap after
{Heap after GC invocations=58 (full 0):
 garbage-first heap   total 265216K, used 190664K [0x0000000080000000, 0x0000000100000000)
  region size 1024K, 5 young (5120K), 5 survivors (5120K)
 Metaspace       used 104068K, committed 105216K, reserved 557056K
  class space    used 14292K, committed 14784K, reserved 425984K
}
Event: 24.135 GC heap before
{Heap before GC invocations=58 (full 0):
 garbage-first heap   total 265216K, used 220360K [0x0000000080000000, 0x0000000100000000)
  region size 1024K, 35 young (35840K), 5 survivors (5120K)
 Metaspace       used 104666K, committed 105792K, reserved 557056K
  class space    used 14372K, committed 14848K, reserved 425984K
}
Event: 24.141 GC heap after
{Heap after GC invocations=59 (full 0):
 garbage-first heap   total 265216K, used 195091K [0x0000000080000000, 0x0000000100000000)
  region size 1024K, 5 young (5120K), 5 survivors (5120K)
 Metaspace       used 104666K, committed 105792K, reserved 557056K
  class space    used 14372K, committed 14848K, reserved 425984K
}
Event: 24.672 GC heap before
{Heap before GC invocations=59 (full 0):
 garbage-first heap   total 265216K, used 222739K [0x0000000080000000, 0x0000000100000000)
  region size 1024K, 33 young (33792K), 5 survivors (5120K)
 Metaspace       used 104854K, committed 105984K, reserved 557056K
  class space    used 14372K, committed 14848K, reserved 425984K
}
Event: 24.677 GC heap after
{Heap after GC invocations=60 (full 0):
 garbage-first heap   total 265216K, used 196778K [0x0000000080000000, 0x0000000100000000)
  region size 1024K, 3 young (3072K), 3 survivors (3072K)
 Metaspace       used 104854K, committed 105984K, reserved 557056K
  class space    used 14372K, committed 14848K, reserved 425984K
}
Event: 25.215 GC heap before
{Heap before GC invocations=60 (full 0):
 garbage-first heap   total 265216K, used 224426K [0x0000000080000000, 0x0000000100000000)
  region size 1024K, 31 young (31744K), 3 survivors (3072K)
 Metaspace       used 105361K, committed 106560K, reserved 557056K
  class space    used 14443K, committed 14976K, reserved 425984K
}
Event: 25.220 GC heap after
{Heap after GC invocations=61 (full 0):
 garbage-first heap   total 265216K, used 199349K [0x0000000080000000, 0x0000000100000000)
  region size 1024K, 4 young (4096K), 4 survivors (4096K)
 Metaspace       used 105361K, committed 106560K, reserved 557056K
  class space    used 14443K, committed 14976K, reserved 425984K
}
Event: 25.343 GC heap before
{Heap before GC invocations=61 (full 0):
 garbage-first heap   total 265216K, used 225973K [0x0000000080000000, 0x0000000100000000)
  region size 1024K, 30 young (30720K), 4 survivors (4096K)
 Metaspace       used 105374K, committed 106560K, reserved 557056K
  class space    used 14443K, committed 14976K, reserved 425984K
}
Event: 25.348 GC heap after
{Heap after GC invocations=62 (full 0):
 garbage-first heap   total 265216K, used 202098K [0x0000000080000000, 0x0000000100000000)
  region size 1024K, 4 young (4096K), 4 survivors (4096K)
 Metaspace       used 105374K, committed 106560K, reserved 557056K
  class space    used 14443K, committed 14976K, reserved 425984K
}
Event: 25.453 GC heap before
{Heap before GC invocations=62 (full 0):
 garbage-first heap   total 265216K, used 224626K [0x0000000080000000, 0x0000000100000000)
  region size 1024K, 27 young (27648K), 4 survivors (4096K)
 Metaspace       used 105392K, committed 106560K, reserved 557056K
  class space    used 14443K, committed 14976K, reserved 425984K
}
Event: 25.457 GC heap after
{Heap after GC invocations=63 (full 0):
 garbage-first heap   total 265216K, used 203480K [0x0000000080000000, 0x0000000100000000)
  region size 1024K, 3 young (3072K), 3 survivors (3072K)
 Metaspace       used 105392K, committed 106560K, reserved 557056K
  class space    used 14443K, committed 14976K, reserved 425984K
}
Event: 25.569 GC heap before
{Heap before GC invocations=63 (full 0):
 garbage-first heap   total 265216K, used 227032K [0x0000000080000000, 0x0000000100000000)
  region size 1024K, 26 young (26624K), 3 survivors (3072K)
 Metaspace       used 105449K, committed 106624K, reserved 557056K
  class space    used 14443K, committed 14976K, reserved 425984K
}
Event: 25.572 GC heap after
{Heap after GC invocations=64 (full 0):
 garbage-first heap   total 265216K, used 204401K [0x0000000080000000, 0x0000000100000000)
  region size 1024K, 3 young (3072K), 3 survivors (3072K)
 Metaspace       used 105449K, committed 106624K, reserved 557056K
  class space    used 14443K, committed 14976K, reserved 425984K
}
Event: 25.757 GC heap before
{Heap before GC invocations=64 (full 0):
 garbage-first heap   total 265216K, used 227953K [0x0000000080000000, 0x0000000100000000)
  region size 1024K, 26 young (26624K), 3 survivors (3072K)
 Metaspace       used 105465K, committed 106624K, reserved 557056K
  class space    used 14443K, committed 14976K, reserved 425984K
}
Event: 25.760 GC heap after
{Heap after GC invocations=65 (full 0):
 garbage-first heap   total 265216K, used 204831K [0x0000000080000000, 0x0000000100000000)
  region size 1024K, 3 young (3072K), 3 survivors (3072K)
 Metaspace       used 105465K, committed 106624K, reserved 557056K
  class space    used 14443K, committed 14976K, reserved 425984K
}

